Starting Optimization Run...
Testing BTC 15m (5006 candles)...
Testing BTC 1h (5002 candles)...
Testing BTC 4h (4381 candles)...
Testing ETH 15m (5008 candles)...
Testing ETH 1h (5002 candles)...
Testing ETH 4h (4381 candles)...
Testing SOL 15m (5009 candles)...
Testing SOL 1h (5003 candles)...
Testing SOL 4h (4381 candles)...
Testing BNB 15m (5011 candles)...
Testing BNB 1h (5002 candles)...
Testing BNB 4h (4381 candles)...
Testing ARB 15m (5014 candles)...
Testing ARB 1h (5003 candles)...
Testing ARB 4h (4381 candles)...
Testing OP 15m (5017 candles)...
Testing OP 1h (5004 candles)...
Testing OP 4h (4381 candles)...
Testing SUI 15m (5000 candles)...
Testing SUI 1h (5000 candles)...
Testing SUI 4h (4381 candles)...
Testing MATIC 15m (5000 candles)...
Testing MATIC 1h (5000 candles)...
Testing MATIC 4h (1274 candles)...
Testing LINK 15m (5005 candles)...
Testing LINK 1h (5001 candles)...
Testing LINK 4h (4381 candles)...
Testing DOGE 15m (5009 candles)...
Testing DOGE 1h (5003 candles)...
Testing DOGE 4h (4381 candles)...

=== TOP 10 STRATEGIES ===
Symbol Interval RSI_Set  SL_TP    Return%  Trades   WinRate
  LINK       4h   45/55 5%/10% 239.315124      63 50.793651
  LINK       4h   40/60 5%/10% 196.795054      46 52.173913
  LINK       4h   45/55  3%/6% 190.594654      74 51.351351
  LINK       4h   35/65 5%/10% 132.902770      29 55.172414
  LINK       4h   45/55  2%/6% 120.246106      75 42.666667
   ETH       1h   45/55 5%/10% 110.812401      31 51.612903
  LINK       4h   35/65  3%/6% 101.410399      32 56.250000
  LINK       4h   35/65  2%/6%  85.989117      32 50.000000
  LINK       4h   45/55  2%/4%  78.912536      77 48.051948
   BNB       4h   35/65  3%/6%  78.587537      27 55.555556

Full results saved to optimization_results.csv
