Starting sync at 2026-02-09 15:14:27.736933
Syncing BTC...
  15m: Existing data starts 2025-12-18 19:45:00. Fetching older data from 2024-02-10 15:14:27.737000...
  15m: Fetched 5014 candles. Saved 5014. Latest: 2026-02-09 15:00:00
  15m: No new candles (stuck at 2026-02-09 15:00:00). breaking.
  1h: Existing data starts 2025-07-15 15:00:00. Fetching older data from 2024-02-10 15:14:27.737000...
  1h: Fetched 5004 candles. Saved 5004. Latest: 2026-02-09 15:00:00
  1h: No new candles (stuck at 2026-02-09 15:00:00). breaking.
  4h: History looks good (starts 2024-02-09 21:00:00). Resuming from 2026-02-09 13:00:00...
  4h: Fetched 1 candles. Saved 1. Latest: 2026-02-09 13:00:00
  4h: No new candles (stuck at 2026-02-09 13:00:00). breaking.
  Saved 10019 new candles for BTC.
Syncing ETH...
  15m: Existing data starts 2025-12-18 20:00:00. Fetching older data from 2024-02-10 15:14:36.818000...
  15m: Fetched 5014 candles. Saved 5014. Latest: 2026-02-09 15:00:00
  15m: No new candles (stuck at 2026-02-09 15:00:00). breaking.
  1h: Existing data starts 2025-07-15 15:00:00. Fetching older data from 2024-02-10 15:14:36.818000...
  1h: Fetched 5004 candles. Saved 5004. Latest: 2026-02-09 15:00:00
  1h: No new candles (stuck at 2026-02-09 15:00:00). breaking.
  4h: History looks good (starts 2024-02-09 21:00:00). Resuming from 2026-02-09 13:00:00...
  4h: Fetched 1 candles. Saved 1. Latest: 2026-02-09 13:00:00
  4h: No new candles (stuck at 2026-02-09 13:00:00). breaking.
  Saved 10019 new candles for ETH.
Syncing SOL...
  15m: Existing data starts 2025-12-18 20:00:00. Fetching older data from 2024-02-10 15:14:46.986000...
  15m: Fetched 5013 candles. Saved 5013. Latest: 2026-02-09 15:00:00
  15m: No new candles (stuck at 2026-02-09 15:00:00). breaking.
  1h: Existing data starts 2025-07-15 15:00:00. Fetching older data from 2024-02-10 15:14:46.986000...
  1h: Fetched 5004 candles. Saved 5004. Latest: 2026-02-09 15:00:00
  1h: No new candles (stuck at 2026-02-09 15:00:00). breaking.
  4h: History looks good (starts 2024-02-09 21:00:00). Resuming from 2026-02-09 13:00:00...
  4h: Fetched 1 candles. Saved 1. Latest: 2026-02-09 13:00:00
  4h: No new candles (stuck at 2026-02-09 13:00:00). breaking.
  Saved 10018 new candles for SOL.
Syncing BNB...
  15m: Existing data starts 2025-12-18 20:15:00. Fetching older data from 2024-02-10 15:14:56.299000...
  15m: Fetched 5013 candles. Saved 5013. Latest: 2026-02-09 15:00:00
  15m: No new candles (stuck at 2026-02-09 15:00:00). breaking.
  1h: Existing data starts 2025-07-15 16:00:00. Fetching older data from 2024-02-10 15:14:56.299000...
  1h: Fetched 5004 candles. Saved 5004. Latest: 2026-02-09 15:00:00
  1h: No new candles (stuck at 2026-02-09 15:00:00). breaking.
  4h: History looks good (starts 2024-02-09 21:00:00). Resuming from 2026-02-09 13:00:00...
  4h: Fetched 1 candles. Saved 1. Latest: 2026-02-09 13:00:00
  4h: No new candles (stuck at 2026-02-09 13:00:00). breaking.
  Saved 10018 new candles for BNB.
Syncing ARB...
  15m: Existing data starts 2025-12-18 20:15:00. Fetching older data from 2024-02-10 15:15:04.850000...
  15m: Fetched 5013 candles. Saved 5013. Latest: 2026-02-09 15:15:00
  15m: Caught up to now.
  1h: Existing data starts 2025-07-15 16:00:00. Fetching older data from 2024-02-10 15:15:04.850000...
  1h: Fetched 5003 candles. Saved 5003. Latest: 2026-02-09 15:00:00
  1h: No new candles (stuck at 2026-02-09 15:00:00). breaking.
  4h: History looks good (starts 2024-02-10 01:00:00). Resuming from 2026-02-09 13:00:00...
  4h: Fetched 1 candles. Saved 1. Latest: 2026-02-09 13:00:00
  4h: No new candles (stuck at 2026-02-09 13:00:00). breaking.
  Saved 10017 new candles for ARB.
Syncing OP...
  15m: Existing data starts 2025-12-18 20:15:00. Fetching older data from 2024-02-10 15:15:12.689000...
  15m: Fetched 5014 candles. Saved 5014. Latest: 2026-02-09 15:15:00
  15m: Caught up to now.
  1h: Existing data starts 2025-07-15 16:00:00. Fetching older data from 2024-02-10 15:15:12.689000...
  1h: Fetched 5004 candles. Saved 5004. Latest: 2026-02-09 15:00:00
  1h: No new candles (stuck at 2026-02-09 15:00:00). breaking.
  4h: History looks good (starts 2024-02-10 01:00:00). Resuming from 2026-02-09 13:00:00...
  4h: Fetched 1 candles. Saved 1. Latest: 2026-02-09 13:00:00
  4h: No new candles (stuck at 2026-02-09 13:00:00). breaking.
  Saved 10019 new candles for OP.
Syncing SUI...
  15m: Existing data starts 2025-12-19 01:00:00. Fetching older data from 2024-02-10 15:15:20.057000...
  15m: Fetched 5013 candles. Saved 5013. Latest: 2026-02-09 15:15:00
  15m: Caught up to now.
  1h: Existing data starts 2025-07-15 20:00:00. Fetching older data from 2024-02-10 15:15:20.057000...
  1h: Fetched 5003 candles. Saved 5003. Latest: 2026-02-09 15:00:00
  1h: No new candles (stuck at 2026-02-09 15:00:00). breaking.
  4h: History looks good (starts 2024-02-10 01:00:00). Resuming from 2026-02-09 13:00:00...
  4h: Fetched 1 candles. Saved 1. Latest: 2026-02-09 13:00:00
  4h: No new candles (stuck at 2026-02-09 13:00:00). breaking.
  Saved 10017 new candles for SUI.
Syncing MATIC...
  15m: Existing data starts 2024-07-19 07:45:00. Fetching older data from 2024-02-10 15:15:27.230000...
  15m: Fetched 5000 candles. Saved 5000. Latest: 2024-09-09 09:30:00
  15m: No new candles (stuck at 2024-09-09 09:30:00). breaking.
  1h: History looks good (starts 2024-02-14 01:00:00). Resuming from 2024-09-09 09:00:00...
  1h: Fetched 1 candles. Saved 1. Latest: 2024-09-09 09:00:00
  1h: No new candles (stuck at 2024-09-09 09:00:00). breaking.
  4h: History looks good (starts 2024-02-10 01:00:00). Resuming from 2024-09-09 06:00:00...
  4h: Fetched 1 candles. Saved 1. Latest: 2024-09-09 06:00:00
  4h: No new candles (stuck at 2024-09-09 06:00:00). breaking.
  Saved 5002 new candles for MATIC.
Syncing LINK...
  15m: Existing data starts 2025-12-19 01:15:00. Fetching older data from 2024-02-10 15:15:34.808000...
  15m: Fetched 5012 candles. Saved 5012. Latest: 2026-02-09 15:15:00
  15m: Caught up to now.
  1h: Existing data starts 2025-07-15 21:00:00. Fetching older data from 2024-02-10 15:15:34.808000...
  1h: Fetched 5003 candles. Saved 5003. Latest: 2026-02-09 15:00:00
  1h: No new candles (stuck at 2026-02-09 15:00:00). breaking.
  4h: History looks good (starts 2024-02-10 01:00:00). Resuming from 2026-02-09 13:00:00...
  4h: Fetched 1 candles. Saved 1. Latest: 2026-02-09 13:00:00
  4h: No new candles (stuck at 2026-02-09 13:00:00). breaking.
  Saved 10016 new candles for LINK.
Syncing DOGE...
  15m: Existing data starts 2025-12-19 01:00:00. Fetching older data from 2024-02-10 15:15:42.591000...
  15m: Fetched 5013 candles. Saved 5013. Latest: 2026-02-09 15:15:00
  15m: Caught up to now.
  1h: Existing data starts 2025-07-15 20:00:00. Fetching older data from 2024-02-10 15:15:42.591000...
  1h: Fetched 5003 candles. Saved 5003. Latest: 2026-02-09 15:00:00
  1h: No new candles (stuck at 2026-02-09 15:00:00). breaking.
  4h: History looks good (starts 2024-02-10 05:00:00). Resuming from 2026-02-09 13:00:00...
  4h: Fetched 1 candles. Saved 1. Latest: 2026-02-09 13:00:00
  4h: No new candles (stuck at 2026-02-09 13:00:00). breaking.
  Saved 10017 new candles for DOGE.
Sync complete.
